2011-11-01 08:59:58 sensor  Moving  user Moving  set by user 
2011-11-01 09:00:01 sensor Stationary   user Moving walking 
2011-11-01 09:00:03 sensor  Stationary  user Moving  set by user 
2011-11-01 09:00:16 sensor  Stationary  user Stationary  set by user 
2011-11-01 09:00:27 sensor  Stationary  user Moving  set by user 
2011-11-01 09:02:08 sensor Moving user Moving no_wifi_scan 
2011-11-01 09:14:43 sensor  Moving  user Stationary  set by user 
2011-11-01 09:15:02 sensor Stationary   user Stationary walking 
2011-11-01 18:01:08 sensor  Stationary  user Moving  set by user 
2011-11-01 18:02:22 sensor Moving user Moving no_wifi_scan 
2011-11-01 18:17:20 sensor  Moving  user Stationary  set by user 
2011-11-01 18:21:23 sensor Stationary   user Stationary wifi_scan_same 
2011-11-01 18:51:16 sensor Moving user Stationary wifi_diff_3_times 
2011-11-01 18:52:05 sensor Stationary   user Stationary walking 
2011-11-02 08:54:34 sensor  Stationary  user Moving  set by user 
2011-11-02 08:55:37 sensor Moving user Moving no_wifi_scan 
2011-11-02 08:58:07 sensor  Moving  user Stationary  set by user 
2011-11-02 09:01:28 sensor Stationary   user Stationary walking 
2011-11-02 09:03:22 sensor  Monitoring  user Moving  set by user 
2011-11-02 09:04:24 sensor Moving user Moving wifi_diff_3_times 
2011-11-02 09:16:27 sensor  Moving  user Stationary  set by user 
2011-11-02 09:16:57 sensor Stationary   user Stationary walking 
2011-11-02 17:56:22 sensor  Monitoring  user Moving  set by user 
2011-11-02 17:58:22 sensor Moving user Moving no_wifi_scan 
2011-11-02 18:12:21 sensor  Moving  user Stationary  set by user 
2011-11-02 18:12:33 sensor Stationary   user Stationary walking 
2011-11-03 09:11:51 sensor  Monitoring  user Moving  set by user 
2011-11-03 09:14:58 sensor Moving user Moving no_wifi_scan 
2011-11-03 09:26:16 sensor  Moving  user Stationary  set by user 
2011-11-03 09:26:42 sensor Stationary   user Stationary walking 
2011-11-03 18:10:36 sensor  Stationary  user Moving  set by user 
2011-11-03 18:11:51 sensor Moving user Moving no_wifi_scan 
2011-11-03 18:24:28 sensor  Moving  user Stationary  set by user 
2011-11-03 18:24:46 sensor Stationary   user Stationary walking 
